Building ...
... done. Elapsed 0.179025679 seconds
Watching paths: /home/tmtwd/clojure.d/helloworld/src
Change detected, recompiling ...
Compiling src/hello_world/core.cljs
... done. Elapsed 0.323173915 seconds
Change detected, recompiling ...
... done. Elapsed 0.11718758 seconds
Change detected, recompiling ...
Compiling src/hello_world/core.cljs
... done. Elapsed 0.094714475 seconds
Change detected, recompiling ...
... done. Elapsed 0.39774629 seconds
Change detected, recompiling ...
Compiling src/hello_world/core.cljs
... done. Elapsed 0.113390942 seconds
Change detected, recompiling ...
... done. Elapsed 0.059542779 seconds
Change detected, recompiling ...
Compiling src/hello_world/core.cljs
... done. Elapsed 0.104889982 seconds
Change detected, recompiling ...
... done. Elapsed 0.071719178 seconds
Change detected, recompiling ...
Compiling src/hello_world/core.cljs
... done. Elapsed 0.064205945 seconds
Change detected, recompiling ...
... done. Elapsed 0.056120625 seconds
Change detected, recompiling ...
Compiling src/hello_world/core.cljs
... done. Elapsed 0.074646745 seconds
Change detected, recompiling ...
... done. Elapsed 0.060248331 seconds
Change detected, recompiling ...
Compiling src/hello_world/core.cljs
... done. Elapsed 0.057761222 seconds
Change detected, recompiling ...
... done. Elapsed 0.062151696 seconds
Change detected, recompiling ...
Compiling src/hello_world/core.cljs
... done. Elapsed 0.05840081 seconds
Change detected, recompiling ...
... done. Elapsed 0.049105795 seconds
